build/app/intermediates/manifest_merge_blame_file/release/manifest-merger-blame-release-report.txt
1<?xml version="1.0" encoding="utf-8"?>
2<manifest xmlns:android="http://schemas.android.com/apk/res/android"
3    package="com.vecinos.edificion247"
4    android:versionCode="1"
5    android:versionName="1.0.0" >
6
7    <uses-sdk
8        android:minSdkVersion="16"
8-->src\main\AndroidManifest.xml
9        android:targetSdkVersion="28" />
9-->src\main\AndroidManifest.xml
10
11    <uses-permission android:name="android.permission.INTERNET" />
11-->src\main\AndroidManifest.xml:3:5-66
11-->src\main\AndroidManifest.xml:3:22-64
12    <uses-permission android:name="android.permission.CAMERA" />
12-->src\main\AndroidManifest.xml:4:5-65
12-->src\main\AndroidManifest.xml:4:22-62
13    <uses-permission android:name="android.permission.WRITE_EXTERNAL_STORAGE" />
13-->src\main\AndroidManifest.xml:5:5-81
13-->src\main\AndroidManifest.xml:5:22-78
14    <uses-permission android:name="android.permission.READ_EXTERNAL_STORAGE" />
14-->src\main\AndroidManifest.xml:6:5-80
14-->src\main\AndroidManifest.xml:6:22-77
15    <uses-permission android:name="android.permission.ACCESS_FINE_LOCATION" /> <!-- Although the *SdkVersion is captured in gradle build files, this is required for non gradle builds -->
15-->[:geolocator] AndroidManifest.xml:7:5-79
15-->[:geolocator] AndroidManifest.xml:7:22-76
16    <!-- <uses-sdk android:minSdkVersion="14" /> -->
17    <uses-permission android:name="android.permission.ACCESS_NETWORK_STATE" />
17-->[com.google.firebase:firebase-firestore:21.3.0] AndroidManifest.xml:13:5-79
17-->[com.google.firebase:firebase-firestore:21.3.0] AndroidManifest.xml:13:22-76
18    <uses-permission android:name="android.permission.WAKE_LOCK" /> <!-- Required by older versions of Google Play services to create IID tokens -->
18-->[com.google.firebase:firebase-iid:20.0.1] AndroidManifest.xml:24:5-68
18-->[com.google.firebase:firebase-iid:20.0.1] AndroidManifest.xml:24:22-65
19    <uses-permission android:name="com.google.android.c2dm.permission.RECEIVE" />
19-->[com.google.firebase:firebase-iid:20.0.1] AndroidManifest.xml:26:5-82
19-->[com.google.firebase:firebase-iid:20.0.1] AndroidManifest.xml:26:22-79
20    <!--
21 io.flutter.app.FlutterApplication is an android.app.Application that
22         calls FlutterMain.startInitialization(this); in its onCreate method.
23         In most cases you can leave this as-is, but you if you want to provide
24         additional functionality it is fine to subclass or reimplement
25         FlutterApplication and put your custom class here.
26    -->
27    <application
27-->src\main\AndroidManifest.xml:12:5-37:19
28        android:name="io.flutter.app.FlutterApplication"
28-->src\main\AndroidManifest.xml:13:9-57
29        android:appComponentFactory="androidx.core.app.CoreComponentFactory"
29-->[androidx.core:core:1.1.0] AndroidManifest.xml:24:18-86
30        android:icon="@mipmap/ic_launcher"
30-->src\main\AndroidManifest.xml:15:9-43
31        android:label="Vecinos247" >
31-->src\main\AndroidManifest.xml:14:9-35
32        <activity
32-->src\main\AndroidManifest.xml:16:9-31:20
33            android:name="com.vecinos.edificion247.MainActivity"
33-->src\main\AndroidManifest.xml:17:13-41
34            android:configChanges="orientation|keyboardHidden|keyboard|screenSize|smallestScreenSize|locale|layoutDirection|fontScale|screenLayout|density|uiMode"
34-->src\main\AndroidManifest.xml:20:13-163
35            android:hardwareAccelerated="true"
35-->src\main\AndroidManifest.xml:21:13-47
36            android:launchMode="singleTop"
36-->src\main\AndroidManifest.xml:18:13-43
37            android:theme="@style/LaunchTheme"
37-->src\main\AndroidManifest.xml:19:13-47
38            android:windowSoftInputMode="adjustResize" >
38-->src\main\AndroidManifest.xml:22:13-55
39            <intent-filter>
39-->src\main\AndroidManifest.xml:23:13-26:29
40                <action android:name="android.intent.action.MAIN" />
40-->src\main\AndroidManifest.xml:24:17-68
40-->src\main\AndroidManifest.xml:24:25-66
41
42                <category android:name="android.intent.category.LAUNCHER" />
42-->src\main\AndroidManifest.xml:25:17-76
42-->src\main\AndroidManifest.xml:25:27-74
43            </intent-filter>
44            <intent-filter>
44-->src\main\AndroidManifest.xml:27:13-30:29
45                <action android:name="FLUTTER_NOTIFICATION_CLICK" />
45-->src\main\AndroidManifest.xml:28:17-69
45-->src\main\AndroidManifest.xml:28:25-66
46
47                <category android:name="android.intent.category.DEFAULT" />
47-->src\main\AndroidManifest.xml:29:17-76
47-->src\main\AndroidManifest.xml:29:27-73
48            </intent-filter>
49        </activity>
50        <!--
51             Don't delete the meta-data below.
52             This is used by the Flutter tool to generate GeneratedPluginRegistrant.java
53        -->
54        <meta-data
54-->src\main\AndroidManifest.xml:34:9-36:33
55            android:name="flutterEmbedding"
55-->src\main\AndroidManifest.xml:35:13-44
56            android:value="2" />
56-->src\main\AndroidManifest.xml:36:13-30
57
58        <service android:name="io.flutter.plugins.firebasemessaging.FlutterFirebaseMessagingService" >
58-->[:firebase_messaging] AndroidManifest.xml:8:9-12:19
58-->[:firebase_messaging] AndroidManifest.xml:8:18-101
59            <intent-filter>
59-->[:firebase_messaging] AndroidManifest.xml:9:13-11:29
60                <action android:name="com.google.firebase.MESSAGING_EVENT" />
60-->[:firebase_messaging] AndroidManifest.xml:10:17-78
60-->[:firebase_messaging] AndroidManifest.xml:10:25-75
61            </intent-filter>
62        </service>
63        <service
63-->[:firebase_messaging] AndroidManifest.xml:13:9-17:19
64            android:name="com.google.firebase.components.ComponentDiscoveryService"
64-->[:firebase_messaging] AndroidManifest.xml:13:18-89
65            android:directBootAware="true"
65-->[com.google.firebase:firebase-common:19.3.0] AndroidManifest.xml:34:13-43
66            android:exported="false" >
66-->[com.google.firebase:firebase-firestore:21.3.0] AndroidManifest.xml:19:13-37
67            <meta-data
67-->[:firebase_messaging] AndroidManifest.xml:14:13-16:85
68                android:name="com.google.firebase.components:io.flutter.plugins.firebasemessaging.FlutterFirebaseAppRegistrar"
68-->[:firebase_messaging] AndroidManifest.xml:15:17-127
69                android:value="com.google.firebase.components.ComponentRegistrar" />
69-->[:firebase_messaging] AndroidManifest.xml:16:17-82
70            <meta-data
70-->[:cloud_firestore] AndroidManifest.xml:9:13-11:85
71                android:name="com.google.firebase.components:io.flutter.plugins.firebase.cloudfirestore.FlutterFirebaseAppRegistrar"
71-->[:cloud_firestore] AndroidManifest.xml:10:17-133
72                android:value="com.google.firebase.components.ComponentRegistrar" />
72-->[:cloud_firestore] AndroidManifest.xml:11:17-82
73            <meta-data
73-->[:firebase_core] AndroidManifest.xml:9:13-11:85
74                android:name="com.google.firebase.components:io.flutter.plugins.firebase.core.FlutterFirebaseAppRegistrar"
74-->[:firebase_core] AndroidManifest.xml:10:17-123
75                android:value="com.google.firebase.components.ComponentRegistrar" />
75-->[:firebase_core] AndroidManifest.xml:11:17-82
76            <meta-data
76-->[com.google.firebase:firebase-firestore:21.3.0] AndroidManifest.xml:20:13-22:85
77                android:name="com.google.firebase.components:com.google.firebase.firestore.FirestoreRegistrar"
77-->[com.google.firebase:firebase-firestore:21.3.0] AndroidManifest.xml:21:17-111
78                android:value="com.google.firebase.components.ComponentRegistrar" />
78-->[com.google.firebase:firebase-firestore:21.3.0] AndroidManifest.xml:22:17-82
79            <meta-data
79-->[com.google.firebase:firebase-iid:20.0.1] AndroidManifest.xml:32:13-34:85
80                android:name="com.google.firebase.components:com.google.firebase.iid.Registrar"
80-->[com.google.firebase:firebase-iid:20.0.1] AndroidManifest.xml:33:17-96
81                android:value="com.google.firebase.components.ComponentRegistrar" />
81-->[com.google.firebase:firebase-iid:20.0.1] AndroidManifest.xml:34:17-82
82        </service>
83        <!--
84             FirebaseMessagingService performs security checks at runtime,
85             but set to not exported to explicitly avoid allowing another app to call it.
86        -->
87        <service
87-->[com.google.firebase:firebase-messaging:20.0.1] AndroidManifest.xml:28:9-34:19
88            android:name="com.google.firebase.messaging.FirebaseMessagingService"
88-->[com.google.firebase:firebase-messaging:20.0.1] AndroidManifest.xml:29:13-82
89            android:exported="false" >
89-->[com.google.firebase:firebase-messaging:20.0.1] AndroidManifest.xml:30:13-37
90            <intent-filter android:priority="-500" >
90-->[:firebase_messaging] AndroidManifest.xml:9:13-11:29
91                <action android:name="com.google.firebase.MESSAGING_EVENT" />
91-->[:firebase_messaging] AndroidManifest.xml:10:17-78
91-->[:firebase_messaging] AndroidManifest.xml:10:25-75
92            </intent-filter>
93        </service>
94
95        <provider
95-->[:image_picker] AndroidManifest.xml:11:9-19:20
96            android:name="io.flutter.plugins.imagepicker.ImagePickerFileProvider"
96-->[:image_picker] AndroidManifest.xml:12:13-82
97            android:authorities="com.vecinos.edificion247.flutter.image_provider"
97-->[:image_picker] AndroidManifest.xml:13:13-74
98            android:exported="false"
98-->[:image_picker] AndroidManifest.xml:14:13-37
99            android:grantUriPermissions="true" >
99-->[:image_picker] AndroidManifest.xml:15:13-47
100            <meta-data
100-->[:image_picker] AndroidManifest.xml:16:13-18:75
101                android:name="android.support.FILE_PROVIDER_PATHS"
101-->[:image_picker] AndroidManifest.xml:17:17-67
102                android:resource="@xml/flutter_image_picker_file_paths" />
102-->[:image_picker] AndroidManifest.xml:18:17-72
103        </provider>
104
105        <receiver
105-->[com.google.firebase:firebase-iid:20.0.1] AndroidManifest.xml:37:9-44:20
106            android:name="com.google.firebase.iid.FirebaseInstanceIdReceiver"
106-->[com.google.firebase:firebase-iid:20.0.1] AndroidManifest.xml:38:13-78
107            android:exported="true"
107-->[com.google.firebase:firebase-iid:20.0.1] AndroidManifest.xml:39:13-36
108            android:permission="com.google.android.c2dm.permission.SEND" >
108-->[com.google.firebase:firebase-iid:20.0.1] AndroidManifest.xml:40:13-73
109            <intent-filter>
109-->[com.google.firebase:firebase-iid:20.0.1] AndroidManifest.xml:41:13-43:29
110                <action android:name="com.google.android.c2dm.intent.RECEIVE" />
110-->[com.google.firebase:firebase-iid:20.0.1] AndroidManifest.xml:42:17-81
110-->[com.google.firebase:firebase-iid:20.0.1] AndroidManifest.xml:42:25-78
111            </intent-filter>
112        </receiver>
113
114        <activity
114-->[com.google.android.gms:play-services-base:17.0.0] AndroidManifest.xml:23:9-26:75
115            android:name="com.google.android.gms.common.api.GoogleApiActivity"
115-->[com.google.android.gms:play-services-base:17.0.0] AndroidManifest.xml:24:13-79
116            android:exported="false"
116-->[com.google.android.gms:play-services-base:17.0.0] AndroidManifest.xml:25:13-37
117            android:theme="@android:style/Theme.Translucent.NoTitleBar" />
117-->[com.google.android.gms:play-services-base:17.0.0] AndroidManifest.xml:26:13-72
118
119        <provider
119-->[com.google.firebase:firebase-common:19.3.0] AndroidManifest.xml:26:9-30:39
120            android:name="com.google.firebase.provider.FirebaseInitProvider"
120-->[com.google.firebase:firebase-common:19.3.0] AndroidManifest.xml:27:13-77
121            android:authorities="com.vecinos.edificion247.firebaseinitprovider"
121-->[com.google.firebase:firebase-common:19.3.0] AndroidManifest.xml:28:13-72
122            android:exported="false"
122-->[com.google.firebase:firebase-common:19.3.0] AndroidManifest.xml:29:13-37
123            android:initOrder="100" />
123-->[com.google.firebase:firebase-common:19.3.0] AndroidManifest.xml:30:13-36
124
125        <meta-data
125-->[com.google.android.gms:play-services-basement:17.0.0] AndroidManifest.xml:23:9-25:69
126            android:name="com.google.android.gms.version"
126-->[com.google.android.gms:play-services-basement:17.0.0] AndroidManifest.xml:24:13-58
127            android:value="@integer/google_play_services_version" />
127-->[com.google.android.gms:play-services-basement:17.0.0] AndroidManifest.xml:25:13-66
128    </application>
129
130</manifest>